<?xml version="1.0" encoding="UTF-8"?>
<testsuite xmlns:xsi="http://www.w3.org/2001/XMLSchema-instance" xsi:noNamespaceSchemaLocation="https://maven.apache.org/surefire/maven-surefire-plugin/xsd/surefire-test-report-3.0.xsd" version="3.0" name="org.acme.GreetingResourceTest" time="84.471" tests="1" errors="0" skipped="0" failures="1">
  <properties>
    <property name="java.specification.version" value="21"/>
    <property name="sun.jnu.encoding" value="UTF-8"/>
    <property name="test.url" value="http://0.0.0.0:8081"/>
    <property name="io.quarkus.security.http.test-if-basic-auth-implicitly-required" value="true"/>
    <property name="java.class.path" value="/home/gateway-de-pagamento-quarkus/target/test-classes:/home/gateway-de-pagamento-quarkus/target/classes:/root/.m2/repository/io/quarkus/quarkus-hibernate-orm-panache/3.10.0/quarkus-hibernate-orm-panache-3.10.0.jar:/root/.m2/repository/io/quarkus/quarkus-hibernate-orm/3.10.0/quarkus-hibernate-orm-3.10.0.jar:/root/.m2/repository/io/quarkus/quarkus-agroal/3.10.0/quarkus-agroal-3.10.0.jar:/root/.m2/repository/io/quarkus/quarkus-datasource/3.10.0/quarkus-datasource-3.10.0.jar:/root/.m2/repository/io/agroal/agroal-api/2.3/agroal-api-2.3.jar:/root/.m2/repository/io/agroal/agroal-narayana/2.3/agroal-narayana-2.3.jar:/root/.m2/repository/org/jboss/jboss-transaction-spi/8.0.0.Final/jboss-transaction-spi-8.0.0.Final.jar:/root/.m2/repository/io/agroal/agroal-pool/2.3/agroal-pool-2.3.jar:/root/.m2/repository/io/quarkus/quarkus-narayana-jta/3.10.0/quarkus-narayana-jta-3.10.0.jar:/root/.m2/repository/io/quarkus/quarkus-transaction-annotations/3.10.0/quarkus-transaction-annotations-3.10.0.jar:/root/.m2/repository/io/quarkus/quarkus-datasource-common/3.10.0/quarkus-datasource-common-3.10.0.jar:/root/.m2/repository/io/smallrye/smallrye-context-propagation-jta/2.1.0/smallrye-context-propagation-jta-2.1.0.jar:/root/.m2/repository/io/smallrye/reactive/smallrye-reactive-converter-api/3.0.1/smallrye-reactive-converter-api-3.0.1.jar:/root/.m2/repository/io/smallrye/reactive/smallrye-reactive-converter-mutiny/3.0.1/smallrye-reactive-converter-mutiny-3.0.1.jar:/root/.m2/repository/io/smallrye/reactive/mutiny-zero-flow-adapters/1.1.0/mutiny-zero-flow-adapters-1.1.0.jar:/root/.m2/repository/org/jboss/narayana/jta/narayana-jta/7.0.1.Final/narayana-jta-7.0.1.Final.jar:/root/.m2/repository/jakarta/resource/jakarta.resource-api/2.1.0/jakarta.resource-api-2.1.0.jar:/root/.m2/repository/org/jboss/invocation/jboss-invocation/2.0.0.Final/jboss-invocation-2.0.0.Final.jar:/root/.m2/repository/org/eclipse/microprofile/reactive-streams-operators/microprofile-reactive-streams-operators-api/3.0/microprofile-reactive-streams-operators-api-3.0.jar:/root/.m2/repository/org/jboss/narayana/jts/narayana-jts-integration/7.0.1.Final/narayana-jts-integration-7.0.1.Final.jar:/root/.m2/repository/org/hibernate/orm/hibernate-core/6.4.4.Final/hibernate-core-6.4.4.Final.jar:/root/.m2/repository/org/antlr/antlr4-runtime/4.13.0/antlr4-runtime-4.13.0.jar:/root/.m2/repository/net/bytebuddy/byte-buddy/1.14.11/byte-buddy-1.14.11.jar:/root/.m2/repository/org/hibernate/common/hibernate-commons-annotations/6.0.6.Final/hibernate-commons-annotations-6.0.6.Final.jar:/root/.m2/repository/org/hibernate/orm/hibernate-graalvm/6.4.4.Final/hibernate-graalvm-6.4.4.Final.jar:/root/.m2/repository/org/glassfish/jaxb/jaxb-runtime/4.0.5/jaxb-runtime-4.0.5.jar:/root/.m2/repository/org/glassfish/jaxb/jaxb-core/4.0.5/jaxb-core-4.0.5.jar:/root/.m2/repository/org/eclipse/angus/angus-activation/2.0.2/angus-activation-2.0.2.jar:/root/.m2/repository/org/glassfish/jaxb/txw2/4.0.5/txw2-4.0.5.jar:/root/.m2/repository/com/sun/istack/istack-commons-runtime/4.1.2/istack-commons-runtime-4.1.2.jar:/root/.m2/repository/jakarta/xml/bind/jakarta.xml.bind-api/4.0.2/jakarta.xml.bind-api-4.0.2.jar:/root/.m2/repository/jakarta/activation/jakarta.activation-api/2.1.3/jakarta.activation-api-2.1.3.jar:/root/.m2/repository/jakarta/persistence/jakarta.persistence-api/3.1.0/jakarta.persistence-api-3.1.0.jar:/root/.m2/repository/jakarta/transaction/jakarta.transaction-api/2.0.1/jakarta.transaction-api-2.0.1.jar:/root/.m2/repository/org/hibernate/quarkus-local-cache/0.3.0/quarkus-local-cache-0.3.0.jar:/root/.m2/repository/io/quarkus/quarkus-caffeine/3.10.0/quarkus-caffeine-3.10.0.jar:/root/.m2/repository/com/github/ben-manes/caffeine/caffeine/3.1.5/caffeine-3.1.5.jar:/root/.m2/repository/com/google/errorprone/error_prone_annotations/2.26.1/error_prone_annotations-2.26.1.jar:/root/.m2/repository/io/quarkus/quarkus-hibernate-orm-panache-common/3.10.0/quarkus-hibernate-orm-panache-common-3.10.0.jar:/root/.m2/repository/io/quarkus/quarkus-panache-hibernate-common/3.10.0/quarkus-panache-hibernate-common-3.10.0.jar:/root/.m2/repository/io/quarkus/quarkus-panache-common/3.10.0/quarkus-panache-common-3.10.0.jar:/root/.m2/repository/io/quarkus/quarkus-hibernate-validator/3.10.0/quarkus-hibernate-validator-3.10.0.jar:/root/.m2/repository/io/quarkus/quarkus-core/3.10.0/quarkus-core-3.10.0.jar:/root/.m2/repository/jakarta/annotation/jakarta.annotation-api/2.1.1/jakarta.annotation-api-2.1.1.jar:/root/.m2/repository/jakarta/enterprise/jakarta.enterprise.cdi-api/4.0.1/jakarta.enterprise.cdi-api-4.0.1.jar:/root/.m2/repository/jakarta/enterprise/jakarta.enterprise.lang-model/4.0.1/jakarta.enterprise.lang-model-4.0.1.jar:/root/.m2/repository/jakarta/interceptor/jakarta.interceptor-api/2.1.0/jakarta.interceptor-api-2.1.0.jar:/root/.m2/repository/jakarta/inject/jakarta.inject-api/2.0.1/jakarta.inject-api-2.0.1.jar:/root/.m2/repository/io/smallrye/common/smallrye-common-os/2.3.0/smallrye-common-os-2.3.0.jar:/root/.m2/repository/io/quarkus/quarkus-ide-launcher/3.10.0/quarkus-ide-launcher-3.10.0.jar:/root/.m2/repository/io/quarkus/quarkus-development-mode-spi/3.10.0/quarkus-development-mode-spi-3.10.0.jar:/root/.m2/repository/io/smallrye/config/smallrye-config/3.7.1/smallrye-config-3.7.1.jar:/root/.m2/repository/io/smallrye/config/smallrye-config-core/3.7.1/smallrye-config-core-3.7.1.jar:/root/.m2/repository/org/eclipse/microprofile/config/microprofile-config-api/3.0.3/microprofile-config-api-3.0.3.jar:/root/.m2/repository/io/smallrye/common/smallrye-common-classloader/2.3.0/smallrye-common-classloader-2.3.0.jar:/root/.m2/repository/io/smallrye/config/smallrye-config-common/3.7.1/smallrye-config-common-3.7.1.jar:/root/.m2/repository/org/jboss/logging/jboss-logging/3.5.3.Final/jboss-logging-3.5.3.Final.jar:/root/.m2/repository/org/jboss/logmanager/jboss-logmanager/3.0.4.Final/jboss-logmanager-3.0.4.Final.jar:/root/.m2/repository/io/smallrye/common/smallrye-common-constraint/2.3.0/smallrye-common-constraint-2.3.0.jar:/root/.m2/repository/io/smallrye/common/smallrye-common-cpu/2.3.0/smallrye-common-cpu-2.3.0.jar:/root/.m2/repository/io/smallrye/common/smallrye-common-expression/2.3.0/smallrye-common-expression-2.3.0.jar:/root/.m2/repository/io/smallrye/common/smallrye-common-function/2.3.0/smallrye-common-function-2.3.0.jar:/root/.m2/repository/io/smallrye/common/smallrye-common-net/2.3.0/smallrye-common-net-2.3.0.jar:/root/.m2/repository/io/smallrye/common/smallrye-common-ref/2.3.0/smallrye-common-ref-2.3.0.jar:/root/.m2/repository/jakarta/json/jakarta.json-api/2.1.3/jakarta.json-api-2.1.3.jar:/root/.m2/repository/org/jboss/logging/jboss-logging-annotations/2.2.1.Final/jboss-logging-annotations-2.2.1.Final.jar:/root/.m2/repository/org/jboss/threads/jboss-threads/3.6.1.Final/jboss-threads-3.6.1.Final.jar:/root/.m2/repository/org/slf4j/slf4j-api/2.0.6/slf4j-api-2.0.6.jar:/root/.m2/repository/org/jboss/slf4j/slf4j-jboss-logmanager/2.0.0.Final/slf4j-jboss-logmanager-2.0.0.Final.jar:/root/.m2/repository/org/wildfly/common/wildfly-common/1.7.0.Final/wildfly-common-1.7.0.Final.jar:/root/.m2/repository/io/quarkus/quarkus-bootstrap-runner/3.10.0/quarkus-bootstrap-runner-3.10.0.jar:/root/.m2/repository/io/quarkus/quarkus-fs-util/0.0.10/quarkus-fs-util-0.0.10.jar:/root/.m2/repository/org/hibernate/validator/hibernate-validator/8.0.1.Final/hibernate-validator-8.0.1.Final.jar:/root/.m2/repository/jakarta/validation/jakarta.validation-api/3.0.2/jakarta.validation-api-3.0.2.jar:/root/.m2/repository/com/fasterxml/classmate/1.7.0/classmate-1.7.0.jar:/root/.m2/repository/org/glassfish/expressly/expressly/5.0.0/expressly-5.0.0.jar:/root/.m2/repository/jakarta/el/jakarta.el-api/5.0.1/jakarta.el-api-5.0.1.jar:/root/.m2/repository/io/smallrye/config/smallrye-config-validator/3.7.1/smallrye-config-validator-3.7.1.jar:/root/.m2/repository/jakarta/ws/rs/jakarta.ws.rs-api/3.1.0/jakarta.ws.rs-api-3.1.0.jar:/root/.m2/repository/io/quarkus/quarkus-rest-jackson/3.10.0/quarkus-rest-jackson-3.10.0.jar:/root/.m2/repository/io/quarkus/quarkus-rest-jackson-common/3.10.0/quarkus-rest-jackson-common-3.10.0.jar:/root/.m2/repository/io/quarkus/resteasy/reactive/resteasy-reactive-jackson/3.10.0/resteasy-reactive-jackson-3.10.0.jar:/root/.m2/repository/com/fasterxml/jackson/core/jackson-databind/2.17.0/jackson-databind-2.17.0.jar:/root/.m2/repository/com/fasterxml/jackson/core/jackson-annotations/2.17.0/jackson-annotations-2.17.0.jar:/root/.m2/repository/io/quarkus/quarkus-jackson/3.10.0/quarkus-jackson-3.10.0.jar:/root/.m2/repository/com/fasterxml/jackson/datatype/jackson-datatype-jsr310/2.17.0/jackson-datatype-jsr310-2.17.0.jar:/root/.m2/repository/com/fasterxml/jackson/datatype/jackson-datatype-jdk8/2.17.0/jackson-datatype-jdk8-2.17.0.jar:/root/.m2/repository/com/fasterxml/jackson/module/jackson-module-parameter-names/2.17.0/jackson-module-parameter-names-2.17.0.jar:/root/.m2/repository/io/quarkus/quarkus-rest-jaxb/3.10.0/quarkus-rest-jaxb-3.10.0.jar:/root/.m2/repository/io/quarkus/quarkus-jaxb/3.10.0/quarkus-jaxb-3.10.0.jar:/root/.m2/repository/io/quarkus/quarkus-jaxp/3.10.0/quarkus-jaxp-3.10.0.jar:/root/.m2/repository/io/quarkus/quarkus-arc/3.10.0/quarkus-arc-3.10.0.jar:/root/.m2/repository/io/quarkus/arc/arc/3.10.0/arc-3.10.0.jar:/root/.m2/repository/io/smallrye/reactive/mutiny/2.6.0/mutiny-2.6.0.jar:/root/.m2/repository/io/smallrye/common/smallrye-common-annotation/2.3.0/smallrye-common-annotation-2.3.0.jar:/root/.m2/repository/org/jctools/jctools-core/4.0.3/jctools-core-4.0.3.jar:/root/.m2/repository/org/eclipse/microprofile/context-propagation/microprofile-context-propagation-api/1.3/microprofile-context-propagation-api-1.3.jar:/root/.m2/repository/io/quarkus/quarkus-rest/3.10.0/quarkus-rest-3.10.0.jar:/root/.m2/repository/io/quarkus/quarkus-rest-common/3.10.0/quarkus-rest-common-3.10.0.jar:/root/.m2/repository/io/quarkus/resteasy/reactive/resteasy-reactive-common/3.10.0/resteasy-reactive-common-3.10.0.jar:/root/.m2/repository/io/quarkus/resteasy/reactive/resteasy-reactive-common-types/3.10.0/resteasy-reactive-common-types-3.10.0.jar:/root/.m2/repository/org/reactivestreams/reactive-streams/1.0.4/reactive-streams-1.0.4.jar:/root/.m2/repository/io/quarkus/quarkus-mutiny/3.10.0/quarkus-mutiny-3.10.0.jar:/root/.m2/repository/io/quarkus/quarkus-smallrye-context-propagation/3.10.0/quarkus-smallrye-context-propagation-3.10.0.jar:/root/.m2/repository/io/smallrye/smallrye-context-propagation/2.1.0/smallrye-context-propagation-2.1.0.jar:/root/.m2/repository/io/smallrye/smallrye-context-propagation-api/2.1.0/smallrye-context-propagation-api-2.1.0.jar:/root/.m2/repository/io/smallrye/smallrye-context-propagation-storage/2.1.0/smallrye-context-propagation-storage-2.1.0.jar:/root/.m2/repository/io/smallrye/reactive/mutiny-smallrye-context-propagation/2.6.0/mutiny-smallrye-context-propagation-2.6.0.jar:/root/.m2/repository/io/quarkus/quarkus-vertx/3.10.0/quarkus-vertx-3.10.0.jar:/root/.m2/repository/io/quarkus/quarkus-netty/3.10.0/quarkus-netty-3.10.0.jar:/root/.m2/repository/io/netty/netty-codec/4.1.108.Final/netty-codec-4.1.108.Final.jar:/root/.m2/repository/com/aayushatharva/brotli4j/brotli4j/1.16.0/brotli4j-1.16.0.jar:/root/.m2/repository/com/aayushatharva/brotli4j/service/1.16.0/service-1.16.0.jar:/root/.m2/repository/com/aayushatharva/brotli4j/native-linux-x86_64/1.16.0/native-linux-x86_64-1.16.0.jar:/root/.m2/repository/io/netty/netty-codec-haproxy/4.1.108.Final/netty-codec-haproxy-4.1.108.Final.jar:/root/.m2/repository/io/quarkus/quarkus-vertx-latebound-mdc-provider/3.10.0/quarkus-vertx-latebound-mdc-provider-3.10.0.jar:/root/.m2/repository/io/smallrye/smallrye-fault-tolerance-vertx/6.3.0/smallrye-fault-tolerance-vertx-6.3.0.jar:/root/.m2/repository/io/quarkus/resteasy/reactive/resteasy-reactive-vertx/3.10.0/resteasy-reactive-vertx-3.10.0.jar:/root/.m2/repository/io/vertx/vertx-web/4.5.7/vertx-web-4.5.7.jar:/root/.m2/repository/io/vertx/vertx-web-common/4.5.7/vertx-web-common-4.5.7.jar:/root/.m2/repository/io/vertx/vertx-auth-common/4.5.7/vertx-auth-common-4.5.7.jar:/root/.m2/repository/io/vertx/vertx-bridge-common/4.5.7/vertx-bridge-common-4.5.7.jar:/root/.m2/repository/io/smallrye/reactive/smallrye-mutiny-vertx-core/3.12.0/smallrye-mutiny-vertx-core-3.12.0.jar:/root/.m2/repository/io/smallrye/reactive/smallrye-mutiny-vertx-runtime/3.12.0/smallrye-mutiny-vertx-runtime-3.12.0.jar:/root/.m2/repository/io/smallrye/reactive/vertx-mutiny-generator/3.12.0/vertx-mutiny-generator-3.12.0.jar:/root/.m2/repository/io/vertx/vertx-codegen/4.5.7/vertx-codegen-4.5.7.jar:/root/.m2/repository/io/quarkus/resteasy/reactive/resteasy-reactive/3.10.0/resteasy-reactive-3.10.0.jar:/root/.m2/repository/org/jboss/logging/commons-logging-jboss-logging/1.0.0.Final/commons-logging-jboss-logging-1.0.0.Final.jar:/root/.m2/repository/io/quarkus/quarkus-vertx-http/3.10.0/quarkus-vertx-http-3.10.0.jar:/root/.m2/repository/io/quarkus/quarkus-security-runtime-spi/3.10.0/quarkus-security-runtime-spi-3.10.0.jar:/root/.m2/repository/io/quarkus/quarkus-credentials/3.10.0/quarkus-credentials-3.10.0.jar:/root/.m2/repository/io/smallrye/common/smallrye-common-vertx-context/2.3.0/smallrye-common-vertx-context-2.3.0.jar:/root/.m2/repository/io/quarkus/security/quarkus-security/2.0.3.Final/quarkus-security-2.0.3.Final.jar:/root/.m2/repository/io/smallrye/reactive/smallrye-mutiny-vertx-web/3.12.0/smallrye-mutiny-vertx-web-3.12.0.jar:/root/.m2/repository/io/smallrye/reactive/smallrye-mutiny-vertx-web-common/3.12.0/smallrye-mutiny-vertx-web-common-3.12.0.jar:/root/.m2/repository/io/smallrye/reactive/smallrye-mutiny-vertx-auth-common/3.12.0/smallrye-mutiny-vertx-auth-common-3.12.0.jar:/root/.m2/repository/io/smallrye/reactive/smallrye-mutiny-vertx-bridge-common/3.12.0/smallrye-mutiny-vertx-bridge-common-3.12.0.jar:/root/.m2/repository/io/smallrye/reactive/smallrye-mutiny-vertx-uri-template/3.12.0/smallrye-mutiny-vertx-uri-template-3.12.0.jar:/root/.m2/repository/io/vertx/vertx-uri-template/4.5.7/vertx-uri-template-4.5.7.jar:/root/.m2/repository/io/github/crac/org-crac/0.1.3/org-crac-0.1.3.jar:/root/.m2/repository/io/quarkus/quarkus-jsonp/3.10.0/quarkus-jsonp-3.10.0.jar:/root/.m2/repository/org/eclipse/parsson/parsson/1.1.5/parsson-1.1.5.jar:/root/.m2/repository/io/quarkus/quarkus-virtual-threads/3.10.0/quarkus-virtual-threads-3.10.0.jar:/root/.m2/repository/io/vertx/vertx-core/4.5.7/vertx-core-4.5.7.jar:/root/.m2/repository/io/netty/netty-common/4.1.108.Final/netty-common-4.1.108.Final.jar:/root/.m2/repository/io/netty/netty-buffer/4.1.108.Final/netty-buffer-4.1.108.Final.jar:/root/.m2/repository/io/netty/netty-transport/4.1.108.Final/netty-transport-4.1.108.Final.jar:/root/.m2/repository/io/netty/netty-handler/4.1.108.Final/netty-handler-4.1.108.Final.jar:/root/.m2/repository/io/netty/netty-transport-native-unix-common/4.1.108.Final/netty-transport-native-unix-common-4.1.108.Final.jar:/root/.m2/repository/io/netty/netty-handler-proxy/4.1.108.Final/netty-handler-proxy-4.1.108.Final.jar:/root/.m2/repository/io/netty/netty-codec-socks/4.1.108.Final/netty-codec-socks-4.1.108.Final.jar:/root/.m2/repository/io/netty/netty-codec-http/4.1.108.Final/netty-codec-http-4.1.108.Final.jar:/root/.m2/repository/io/netty/netty-codec-http2/4.1.108.Final/netty-codec-http2-4.1.108.Final.jar:/root/.m2/repository/io/netty/netty-resolver/4.1.108.Final/netty-resolver-4.1.108.Final.jar:/root/.m2/repository/io/netty/netty-resolver-dns/4.1.108.Final/netty-resolver-dns-4.1.108.Final.jar:/root/.m2/repository/io/netty/netty-codec-dns/4.1.108.Final/netty-codec-dns-4.1.108.Final.jar:/root/.m2/repository/com/fasterxml/jackson/core/jackson-core/2.17.0/jackson-core-2.17.0.jar:/root/.m2/repository/io/quarkus/quarkus-junit5/3.10.0/quarkus-junit5-3.10.0.jar:/root/.m2/repository/io/quarkus/quarkus-bootstrap-core/3.10.0/quarkus-bootstrap-core-3.10.0.jar:/root/.m2/repository/io/quarkus/quarkus-bootstrap-app-model/3.10.0/quarkus-bootstrap-app-model-3.10.0.jar:/root/.m2/repository/io/smallrye/common/smallrye-common-io/2.3.0/smallrye-common-io-2.3.0.jar:/root/.m2/repository/org/eclipse/sisu/org.eclipse.sisu.inject/0.9.0.M2/org.eclipse.sisu.inject-0.9.0.M2.jar:/root/.m2/repository/io/quarkus/quarkus-test-common/3.10.0/quarkus-test-common-3.10.0.jar:/root/.m2/repository/io/quarkus/quarkus-core-deployment/3.10.0/quarkus-core-deployment-3.10.0.jar:/root/.m2/repository/org/aesh/readline/2.4/readline-2.4.jar:/root/.m2/repository/org/fusesource/jansi/jansi/2.4.0/jansi-2.4.0.jar:/root/.m2/repository/org/aesh/aesh/2.7/aesh-2.7.jar:/root/.m2/repository/io/quarkus/gizmo/gizmo/1.8.0/gizmo-1.8.0.jar:/root/.m2/repository/org/ow2/asm/asm-util/9.7/asm-util-9.7.jar:/root/.m2/repository/org/ow2/asm/asm-analysis/9.7/asm-analysis-9.7.jar:/root/.m2/repository/org/ow2/asm/asm/9.7/asm-9.7.jar:/root/.m2/repository/org/ow2/asm/asm-commons/9.7/asm-commons-9.7.jar:/root/.m2/repository/org/ow2/asm/asm-tree/9.7/asm-tree-9.7.jar:/root/.m2/repository/io/quarkus/quarkus-class-change-agent/3.10.0/quarkus-class-change-agent-3.10.0.jar:/root/.m2/repository/io/quarkus/quarkus-devtools-utilities/3.10.0/quarkus-devtools-utilities-3.10.0.jar:/root/.m2/repository/io/quarkus/quarkus-builder/3.10.0/quarkus-builder-3.10.0.jar:/root/.m2/repository/org/graalvm/sdk/nativeimage/23.1.2/nativeimage-23.1.2.jar:/root/.m2/repository/org/graalvm/sdk/word/23.1.2/word-23.1.2.jar:/root/.m2/repository/org/junit/platform/junit-platform-launcher/1.10.2/junit-platform-launcher-1.10.2.jar:/root/.m2/repository/io/quarkus/quarkus-bootstrap-maven-resolver/3.10.0/quarkus-bootstrap-maven-resolver-3.10.0.jar:/root/.m2/repository/io/smallrye/beanbag/smallrye-beanbag-maven/1.4.1/smallrye-beanbag-maven-1.4.1.jar:/root/.m2/repository/io/smallrye/beanbag/smallrye-beanbag-sisu/1.4.1/smallrye-beanbag-sisu-1.4.1.jar:/root/.m2/repository/io/smallrye/beanbag/smallrye-beanbag/1.4.1/smallrye-beanbag-1.4.1.jar:/root/.m2/repository/javax/inject/javax.inject/1/javax.inject-1.jar:/root/.m2/repository/org/apache/maven/maven-artifact/3.9.6/maven-artifact-3.9.6.jar:/root/.m2/repository/org/apache/maven/maven-builder-support/3.9.6/maven-builder-support-3.9.6.jar:/root/.m2/repository/org/apache/maven/maven-model/3.9.6/maven-model-3.9.6.jar:/root/.m2/repository/org/apache/maven/maven-model-builder/3.9.6/maven-model-builder-3.9.6.jar:/root/.m2/repository/org/apache/maven/maven-repository-metadata/3.9.6/maven-repository-metadata-3.9.6.jar:/root/.m2/repository/org/apache/maven/maven-settings/3.9.6/maven-settings-3.9.6.jar:/root/.m2/repository/org/apache/maven/resolver/maven-resolver-api/1.9.18/maven-resolver-api-1.9.18.jar:/root/.m2/repository/org/apache/maven/resolver/maven-resolver-impl/1.9.18/maven-resolver-impl-1.9.18.jar:/root/.m2/repository/org/apache/maven/resolver/maven-resolver-named-locks/1.9.18/maven-resolver-named-locks-1.9.18.jar:/root/.m2/repository/org/apache/maven/resolver/maven-resolver-spi/1.9.18/maven-resolver-spi-1.9.18.jar:/root/.m2/repository/org/apache/maven/resolver/maven-resolver-util/1.9.18/maven-resolver-util-1.9.18.jar:/root/.m2/repository/org/apache/maven/resolver/maven-resolver-transport-http/1.9.18/maven-resolver-transport-http-1.9.18.jar:/root/.m2/repository/org/apache/maven/wagon/wagon-provider-api/3.5.3/wagon-provider-api-3.5.3.jar:/root/.m2/repository/org/apache/maven/wagon/wagon-http-shared/3.5.3/wagon-http-shared-3.5.3.jar:/root/.m2/repository/org/codehaus/plexus/plexus-interpolation/1.26/plexus-interpolation-1.26.jar:/root/.m2/repository/org/codehaus/plexus/plexus-utils/3.5.1/plexus-utils-3.5.1.jar:/root/.m2/repository/org/codehaus/plexus/plexus-xml/4.0.0/plexus-xml-4.0.0.jar:/root/.m2/repository/org/apache/maven/maven-xml-impl/4.0.0-alpha-5/maven-xml-impl-4.0.0-alpha-5.jar:/root/.m2/repository/org/apache/maven/maven-api-xml/4.0.0-alpha-5/maven-api-xml-4.0.0-alpha-5.jar:/root/.m2/repository/org/apache/maven/maven-api-meta/4.0.0-alpha-5/maven-api-meta-4.0.0-alpha-5.jar:/root/.m2/repository/org/codehaus/plexus/plexus-cipher/2.0/plexus-cipher-2.0.jar:/root/.m2/repository/org/codehaus/plexus/plexus-sec-dispatcher/2.0/plexus-sec-dispatcher-2.0.jar:/root/.m2/repository/org/apache/maven/maven-embedder/3.9.6/maven-embedder-3.9.6.jar:/root/.m2/repository/org/apache/maven/maven-core/3.9.6/maven-core-3.9.6.jar:/root/.m2/repository/org/codehaus/plexus/plexus-component-annotations/2.1.0/plexus-component-annotations-2.1.0.jar:/root/.m2/repository/org/apache/maven/maven-plugin-api/3.9.6/maven-plugin-api-3.9.6.jar:/root/.m2/repository/org/apache/maven/shared/maven-shared-utils/3.3.4/maven-shared-utils-3.3.4.jar:/root/.m2/repository/com/google/inject/guice/5.1.0/guice-5.1.0.jar:/root/.m2/repository/aopalliance/aopalliance/1.0/aopalliance-1.0.jar:/root/.m2/repository/com/google/guava/guava/33.1.0-jre/guava-33.1.0-jre.jar:/root/.m2/repository/com/google/guava/failureaccess/1.0.1/failureaccess-1.0.1.jar:/root/.m2/repository/javax/annotation/javax.annotation-api/1.3.2/javax.annotation-api-1.3.2.jar:/root/.m2/repository/org/codehaus/plexus/plexus-classworlds/2.6.0/plexus-classworlds-2.6.0.jar:/root/.m2/repository/commons-cli/commons-cli/1.5.0/commons-cli-1.5.0.jar:/root/.m2/repository/org/eclipse/sisu/org.eclipse.sisu.plexus/0.9.0.M2/org.eclipse.sisu.plexus-0.9.0.M2.jar:/root/.m2/repository/org/apache/maven/maven-settings-builder/3.9.6/maven-settings-builder-3.9.6.jar:/root/.m2/repository/org/apache/maven/maven-resolver-provider/3.9.6/maven-resolver-provider-3.9.6.jar:/root/.m2/repository/org/apache/maven/resolver/maven-resolver-connector-basic/1.9.18/maven-resolver-connector-basic-1.9.18.jar:/root/.m2/repository/org/apache/maven/resolver/maven-resolver-transport-wagon/1.9.18/maven-resolver-transport-wagon-1.9.18.jar:/root/.m2/repository/org/apache/maven/wagon/wagon-http/3.5.3/wagon-http-3.5.3.jar:/root/.m2/repository/org/apache/maven/wagon/wagon-file/3.5.3/wagon-file-3.5.3.jar:/root/.m2/repository/io/quarkus/quarkus-bootstrap-gradle-resolver/3.10.0/quarkus-bootstrap-gradle-resolver-3.10.0.jar:/root/.m2/repository/io/smallrye/jandex/3.1.7/jandex-3.1.7.jar:/root/.m2/repository/commons-io/commons-io/2.16.0/commons-io-2.16.0.jar:/root/.m2/repository/io/quarkus/quarkus-junit5-properties/3.10.0/quarkus-junit5-properties-3.10.0.jar:/root/.m2/repository/org/junit/jupiter/junit-jupiter/5.10.2/junit-jupiter-5.10.2.jar:/root/.m2/repository/org/junit/jupiter/junit-jupiter-api/5.10.2/junit-jupiter-api-5.10.2.jar:/root/.m2/repository/org/opentest4j/opentest4j/1.3.0/opentest4j-1.3.0.jar:/root/.m2/repository/org/junit/platform/junit-platform-commons/1.10.2/junit-platform-commons-1.10.2.jar:/root/.m2/repository/org/apiguardian/apiguardian-api/1.1.2/apiguardian-api-1.1.2.jar:/root/.m2/repository/org/junit/jupiter/junit-jupiter-params/5.10.2/junit-jupiter-params-5.10.2.jar:/root/.m2/repository/org/junit/jupiter/junit-jupiter-engine/5.10.2/junit-jupiter-engine-5.10.2.jar:/root/.m2/repository/org/junit/platform/junit-platform-engine/1.10.2/junit-platform-engine-1.10.2.jar:/root/.m2/repository/com/thoughtworks/xstream/xstream/1.4.20/xstream-1.4.20.jar:/root/.m2/repository/io/github/x-stream/mxparser/1.2.2/mxparser-1.2.2.jar:/root/.m2/repository/xmlpull/xmlpull/1.1.3.1/xmlpull-1.1.3.1.jar:/root/.m2/repository/io/quarkus/quarkus-jdbc-postgresql/3.10.0/quarkus-jdbc-postgresql-3.10.0.jar:/root/.m2/repository/org/postgresql/postgresql/42.7.3/postgresql-42.7.3.jar:/root/.m2/repository/io/rest-assured/rest-assured/5.4.0/rest-assured-5.4.0.jar:/root/.m2/repository/org/apache/groovy/groovy/4.0.16/groovy-4.0.16.jar:/root/.m2/repository/org/apache/groovy/groovy-xml/4.0.16/groovy-xml-4.0.16.jar:/root/.m2/repository/org/apache/httpcomponents/httpclient/4.5.14/httpclient-4.5.14.jar:/root/.m2/repository/org/apache/httpcomponents/httpcore/4.4.16/httpcore-4.4.16.jar:/root/.m2/repository/commons-codec/commons-codec/1.16.1/commons-codec-1.16.1.jar:/root/.m2/repository/org/apache/httpcomponents/httpmime/4.5.14/httpmime-4.5.14.jar:/root/.m2/repository/org/hamcrest/hamcrest/2.2/hamcrest-2.2.jar:/root/.m2/repository/org/ccil/cowan/tagsoup/tagsoup/1.2.1/tagsoup-1.2.1.jar:/root/.m2/repository/io/rest-assured/json-path/5.4.0/json-path-5.4.0.jar:/root/.m2/repository/org/apache/groovy/groovy-json/4.0.16/groovy-json-4.0.16.jar:/root/.m2/repository/io/rest-assured/rest-assured-common/5.4.0/rest-assured-common-5.4.0.jar:/root/.m2/repository/io/rest-assured/xml-path/5.4.0/xml-path-5.4.0.jar:/root/.m2/repository/org/apache/commons/commons-lang3/3.14.0/commons-lang3-3.14.0.jar:"/>
    <property name="java.vm.vendor" value="Oracle Corporation"/>
    <property name="sun.arch.data.model" value="64"/>
    <property name="java.vendor.url" value="https://java.oracle.com/"/>
    <property name="user.timezone" value="America/Sao_Paulo"/>
    <property name="logging.initial-configurator.min-level" value="500"/>
    <property name="os.name" value="Linux"/>
    <property name="java.vm.specification.version" value="21"/>
    <property name="sun.java.launcher" value="SUN_STANDARD"/>
    <property name="groovy.use.classvalue" value="false"/>
    <property name="sun.boot.library.path" value="/usr/lib/jvm/jdk-21-oracle-x64/lib"/>
    <property name="sun.java.command" value="/home/gateway-de-pagamento-quarkus/target/surefire/surefirebooter-20240513195935614_3.jar /home/gateway-de-pagamento-quarkus/target/surefire 2024-05-13T19-59-35_475-jvmRun1 surefire-20240513195935614_1tmp surefire_0-20240513195935614_2tmp"/>
    <property name="jdk.debug" value="release"/>
    <property name="maven.home" value="/mnt/c/maven/apache-maven-3.9.6"/>
    <property name="surefire.test.class.path" value="/home/gateway-de-pagamento-quarkus/target/test-classes:/home/gateway-de-pagamento-quarkus/target/classes:/root/.m2/repository/io/quarkus/quarkus-hibernate-orm-panache/3.10.0/quarkus-hibernate-orm-panache-3.10.0.jar:/root/.m2/repository/io/quarkus/quarkus-hibernate-orm/3.10.0/quarkus-hibernate-orm-3.10.0.jar:/root/.m2/repository/io/quarkus/quarkus-agroal/3.10.0/quarkus-agroal-3.10.0.jar:/root/.m2/repository/io/quarkus/quarkus-datasource/3.10.0/quarkus-datasource-3.10.0.jar:/root/.m2/repository/io/agroal/agroal-api/2.3/agroal-api-2.3.jar:/root/.m2/repository/io/agroal/agroal-narayana/2.3/agroal-narayana-2.3.jar:/root/.m2/repository/org/jboss/jboss-transaction-spi/8.0.0.Final/jboss-transaction-spi-8.0.0.Final.jar:/root/.m2/repository/io/agroal/agroal-pool/2.3/agroal-pool-2.3.jar:/root/.m2/repository/io/quarkus/quarkus-narayana-jta/3.10.0/quarkus-narayana-jta-3.10.0.jar:/root/.m2/repository/io/quarkus/quarkus-transaction-annotations/3.10.0/quarkus-transaction-annotations-3.10.0.jar:/root/.m2/repository/io/quarkus/quarkus-datasource-common/3.10.0/quarkus-datasource-common-3.10.0.jar:/root/.m2/repository/io/smallrye/smallrye-context-propagation-jta/2.1.0/smallrye-context-propagation-jta-2.1.0.jar:/root/.m2/repository/io/smallrye/reactive/smallrye-reactive-converter-api/3.0.1/smallrye-reactive-converter-api-3.0.1.jar:/root/.m2/repository/io/smallrye/reactive/smallrye-reactive-converter-mutiny/3.0.1/smallrye-reactive-converter-mutiny-3.0.1.jar:/root/.m2/repository/io/smallrye/reactive/mutiny-zero-flow-adapters/1.1.0/mutiny-zero-flow-adapters-1.1.0.jar:/root/.m2/repository/org/jboss/narayana/jta/narayana-jta/7.0.1.Final/narayana-jta-7.0.1.Final.jar:/root/.m2/repository/jakarta/resource/jakarta.resource-api/2.1.0/jakarta.resource-api-2.1.0.jar:/root/.m2/repository/org/jboss/invocation/jboss-invocation/2.0.0.Final/jboss-invocation-2.0.0.Final.jar:/root/.m2/repository/org/eclipse/microprofile/reactive-streams-operators/microprofile-reactive-streams-operators-api/3.0/microprofile-reactive-streams-operators-api-3.0.jar:/root/.m2/repository/org/jboss/narayana/jts/narayana-jts-integration/7.0.1.Final/narayana-jts-integration-7.0.1.Final.jar:/root/.m2/repository/org/hibernate/orm/hibernate-core/6.4.4.Final/hibernate-core-6.4.4.Final.jar:/root/.m2/repository/org/antlr/antlr4-runtime/4.13.0/antlr4-runtime-4.13.0.jar:/root/.m2/repository/net/bytebuddy/byte-buddy/1.14.11/byte-buddy-1.14.11.jar:/root/.m2/repository/org/hibernate/common/hibernate-commons-annotations/6.0.6.Final/hibernate-commons-annotations-6.0.6.Final.jar:/root/.m2/repository/org/hibernate/orm/hibernate-graalvm/6.4.4.Final/hibernate-graalvm-6.4.4.Final.jar:/root/.m2/repository/org/glassfish/jaxb/jaxb-runtime/4.0.5/jaxb-runtime-4.0.5.jar:/root/.m2/repository/org/glassfish/jaxb/jaxb-core/4.0.5/jaxb-core-4.0.5.jar:/root/.m2/repository/org/eclipse/angus/angus-activation/2.0.2/angus-activation-2.0.2.jar:/root/.m2/repository/org/glassfish/jaxb/txw2/4.0.5/txw2-4.0.5.jar:/root/.m2/repository/com/sun/istack/istack-commons-runtime/4.1.2/istack-commons-runtime-4.1.2.jar:/root/.m2/repository/jakarta/xml/bind/jakarta.xml.bind-api/4.0.2/jakarta.xml.bind-api-4.0.2.jar:/root/.m2/repository/jakarta/activation/jakarta.activation-api/2.1.3/jakarta.activation-api-2.1.3.jar:/root/.m2/repository/jakarta/persistence/jakarta.persistence-api/3.1.0/jakarta.persistence-api-3.1.0.jar:/root/.m2/repository/jakarta/transaction/jakarta.transaction-api/2.0.1/jakarta.transaction-api-2.0.1.jar:/root/.m2/repository/org/hibernate/quarkus-local-cache/0.3.0/quarkus-local-cache-0.3.0.jar:/root/.m2/repository/io/quarkus/quarkus-caffeine/3.10.0/quarkus-caffeine-3.10.0.jar:/root/.m2/repository/com/github/ben-manes/caffeine/caffeine/3.1.5/caffeine-3.1.5.jar:/root/.m2/repository/com/google/errorprone/error_prone_annotations/2.26.1/error_prone_annotations-2.26.1.jar:/root/.m2/repository/io/quarkus/quarkus-hibernate-orm-panache-common/3.10.0/quarkus-hibernate-orm-panache-common-3.10.0.jar:/root/.m2/repository/io/quarkus/quarkus-panache-hibernate-common/3.10.0/quarkus-panache-hibernate-common-3.10.0.jar:/root/.m2/repository/io/quarkus/quarkus-panache-common/3.10.0/quarkus-panache-common-3.10.0.jar:/root/.m2/repository/io/quarkus/quarkus-hibernate-validator/3.10.0/quarkus-hibernate-validator-3.10.0.jar:/root/.m2/repository/io/quarkus/quarkus-core/3.10.0/quarkus-core-3.10.0.jar:/root/.m2/repository/jakarta/annotation/jakarta.annotation-api/2.1.1/jakarta.annotation-api-2.1.1.jar:/root/.m2/repository/jakarta/enterprise/jakarta.enterprise.cdi-api/4.0.1/jakarta.enterprise.cdi-api-4.0.1.jar:/root/.m2/repository/jakarta/enterprise/jakarta.enterprise.lang-model/4.0.1/jakarta.enterprise.lang-model-4.0.1.jar:/root/.m2/repository/jakarta/interceptor/jakarta.interceptor-api/2.1.0/jakarta.interceptor-api-2.1.0.jar:/root/.m2/repository/jakarta/inject/jakarta.inject-api/2.0.1/jakarta.inject-api-2.0.1.jar:/root/.m2/repository/io/smallrye/common/smallrye-common-os/2.3.0/smallrye-common-os-2.3.0.jar:/root/.m2/repository/io/quarkus/quarkus-ide-launcher/3.10.0/quarkus-ide-launcher-3.10.0.jar:/root/.m2/repository/io/quarkus/quarkus-development-mode-spi/3.10.0/quarkus-development-mode-spi-3.10.0.jar:/root/.m2/repository/io/smallrye/config/smallrye-config/3.7.1/smallrye-config-3.7.1.jar:/root/.m2/repository/io/smallrye/config/smallrye-config-core/3.7.1/smallrye-config-core-3.7.1.jar:/root/.m2/repository/org/eclipse/microprofile/config/microprofile-config-api/3.0.3/microprofile-config-api-3.0.3.jar:/root/.m2/repository/io/smallrye/common/smallrye-common-classloader/2.3.0/smallrye-common-classloader-2.3.0.jar:/root/.m2/repository/io/smallrye/config/smallrye-config-common/3.7.1/smallrye-config-common-3.7.1.jar:/root/.m2/repository/org/jboss/logging/jboss-logging/3.5.3.Final/jboss-logging-3.5.3.Final.jar:/root/.m2/repository/org/jboss/logmanager/jboss-logmanager/3.0.4.Final/jboss-logmanager-3.0.4.Final.jar:/root/.m2/repository/io/smallrye/common/smallrye-common-constraint/2.3.0/smallrye-common-constraint-2.3.0.jar:/root/.m2/repository/io/smallrye/common/smallrye-common-cpu/2.3.0/smallrye-common-cpu-2.3.0.jar:/root/.m2/repository/io/smallrye/common/smallrye-common-expression/2.3.0/smallrye-common-expression-2.3.0.jar:/root/.m2/repository/io/smallrye/common/smallrye-common-function/2.3.0/smallrye-common-function-2.3.0.jar:/root/.m2/repository/io/smallrye/common/smallrye-common-net/2.3.0/smallrye-common-net-2.3.0.jar:/root/.m2/repository/io/smallrye/common/smallrye-common-ref/2.3.0/smallrye-common-ref-2.3.0.jar:/root/.m2/repository/jakarta/json/jakarta.json-api/2.1.3/jakarta.json-api-2.1.3.jar:/root/.m2/repository/org/jboss/logging/jboss-logging-annotations/2.2.1.Final/jboss-logging-annotations-2.2.1.Final.jar:/root/.m2/repository/org/jboss/threads/jboss-threads/3.6.1.Final/jboss-threads-3.6.1.Final.jar:/root/.m2/repository/org/slf4j/slf4j-api/2.0.6/slf4j-api-2.0.6.jar:/root/.m2/repository/org/jboss/slf4j/slf4j-jboss-logmanager/2.0.0.Final/slf4j-jboss-logmanager-2.0.0.Final.jar:/root/.m2/repository/org/wildfly/common/wildfly-common/1.7.0.Final/wildfly-common-1.7.0.Final.jar:/root/.m2/repository/io/quarkus/quarkus-bootstrap-runner/3.10.0/quarkus-bootstrap-runner-3.10.0.jar:/root/.m2/repository/io/quarkus/quarkus-fs-util/0.0.10/quarkus-fs-util-0.0.10.jar:/root/.m2/repository/org/hibernate/validator/hibernate-validator/8.0.1.Final/hibernate-validator-8.0.1.Final.jar:/root/.m2/repository/jakarta/validation/jakarta.validation-api/3.0.2/jakarta.validation-api-3.0.2.jar:/root/.m2/repository/com/fasterxml/classmate/1.7.0/classmate-1.7.0.jar:/root/.m2/repository/org/glassfish/expressly/expressly/5.0.0/expressly-5.0.0.jar:/root/.m2/repository/jakarta/el/jakarta.el-api/5.0.1/jakarta.el-api-5.0.1.jar:/root/.m2/repository/io/smallrye/config/smallrye-config-validator/3.7.1/smallrye-config-validator-3.7.1.jar:/root/.m2/repository/jakarta/ws/rs/jakarta.ws.rs-api/3.1.0/jakarta.ws.rs-api-3.1.0.jar:/root/.m2/repository/io/quarkus/quarkus-rest-jackson/3.10.0/quarkus-rest-jackson-3.10.0.jar:/root/.m2/repository/io/quarkus/quarkus-rest-jackson-common/3.10.0/quarkus-rest-jackson-common-3.10.0.jar:/root/.m2/repository/io/quarkus/resteasy/reactive/resteasy-reactive-jackson/3.10.0/resteasy-reactive-jackson-3.10.0.jar:/root/.m2/repository/com/fasterxml/jackson/core/jackson-databind/2.17.0/jackson-databind-2.17.0.jar:/root/.m2/repository/com/fasterxml/jackson/core/jackson-annotations/2.17.0/jackson-annotations-2.17.0.jar:/root/.m2/repository/io/quarkus/quarkus-jackson/3.10.0/quarkus-jackson-3.10.0.jar:/root/.m2/repository/com/fasterxml/jackson/datatype/jackson-datatype-jsr310/2.17.0/jackson-datatype-jsr310-2.17.0.jar:/root/.m2/repository/com/fasterxml/jackson/datatype/jackson-datatype-jdk8/2.17.0/jackson-datatype-jdk8-2.17.0.jar:/root/.m2/repository/com/fasterxml/jackson/module/jackson-module-parameter-names/2.17.0/jackson-module-parameter-names-2.17.0.jar:/root/.m2/repository/io/quarkus/quarkus-rest-jaxb/3.10.0/quarkus-rest-jaxb-3.10.0.jar:/root/.m2/repository/io/quarkus/quarkus-jaxb/3.10.0/quarkus-jaxb-3.10.0.jar:/root/.m2/repository/io/quarkus/quarkus-jaxp/3.10.0/quarkus-jaxp-3.10.0.jar:/root/.m2/repository/io/quarkus/quarkus-arc/3.10.0/quarkus-arc-3.10.0.jar:/root/.m2/repository/io/quarkus/arc/arc/3.10.0/arc-3.10.0.jar:/root/.m2/repository/io/smallrye/reactive/mutiny/2.6.0/mutiny-2.6.0.jar:/root/.m2/repository/io/smallrye/common/smallrye-common-annotation/2.3.0/smallrye-common-annotation-2.3.0.jar:/root/.m2/repository/org/jctools/jctools-core/4.0.3/jctools-core-4.0.3.jar:/root/.m2/repository/org/eclipse/microprofile/context-propagation/microprofile-context-propagation-api/1.3/microprofile-context-propagation-api-1.3.jar:/root/.m2/repository/io/quarkus/quarkus-rest/3.10.0/quarkus-rest-3.10.0.jar:/root/.m2/repository/io/quarkus/quarkus-rest-common/3.10.0/quarkus-rest-common-3.10.0.jar:/root/.m2/repository/io/quarkus/resteasy/reactive/resteasy-reactive-common/3.10.0/resteasy-reactive-common-3.10.0.jar:/root/.m2/repository/io/quarkus/resteasy/reactive/resteasy-reactive-common-types/3.10.0/resteasy-reactive-common-types-3.10.0.jar:/root/.m2/repository/org/reactivestreams/reactive-streams/1.0.4/reactive-streams-1.0.4.jar:/root/.m2/repository/io/quarkus/quarkus-mutiny/3.10.0/quarkus-mutiny-3.10.0.jar:/root/.m2/repository/io/quarkus/quarkus-smallrye-context-propagation/3.10.0/quarkus-smallrye-context-propagation-3.10.0.jar:/root/.m2/repository/io/smallrye/smallrye-context-propagation/2.1.0/smallrye-context-propagation-2.1.0.jar:/root/.m2/repository/io/smallrye/smallrye-context-propagation-api/2.1.0/smallrye-context-propagation-api-2.1.0.jar:/root/.m2/repository/io/smallrye/smallrye-context-propagation-storage/2.1.0/smallrye-context-propagation-storage-2.1.0.jar:/root/.m2/repository/io/smallrye/reactive/mutiny-smallrye-context-propagation/2.6.0/mutiny-smallrye-context-propagation-2.6.0.jar:/root/.m2/repository/io/quarkus/quarkus-vertx/3.10.0/quarkus-vertx-3.10.0.jar:/root/.m2/repository/io/quarkus/quarkus-netty/3.10.0/quarkus-netty-3.10.0.jar:/root/.m2/repository/io/netty/netty-codec/4.1.108.Final/netty-codec-4.1.108.Final.jar:/root/.m2/repository/com/aayushatharva/brotli4j/brotli4j/1.16.0/brotli4j-1.16.0.jar:/root/.m2/repository/com/aayushatharva/brotli4j/service/1.16.0/service-1.16.0.jar:/root/.m2/repository/com/aayushatharva/brotli4j/native-linux-x86_64/1.16.0/native-linux-x86_64-1.16.0.jar:/root/.m2/repository/io/netty/netty-codec-haproxy/4.1.108.Final/netty-codec-haproxy-4.1.108.Final.jar:/root/.m2/repository/io/quarkus/quarkus-vertx-latebound-mdc-provider/3.10.0/quarkus-vertx-latebound-mdc-provider-3.10.0.jar:/root/.m2/repository/io/smallrye/smallrye-fault-tolerance-vertx/6.3.0/smallrye-fault-tolerance-vertx-6.3.0.jar:/root/.m2/repository/io/quarkus/resteasy/reactive/resteasy-reactive-vertx/3.10.0/resteasy-reactive-vertx-3.10.0.jar:/root/.m2/repository/io/vertx/vertx-web/4.5.7/vertx-web-4.5.7.jar:/root/.m2/repository/io/vertx/vertx-web-common/4.5.7/vertx-web-common-4.5.7.jar:/root/.m2/repository/io/vertx/vertx-auth-common/4.5.7/vertx-auth-common-4.5.7.jar:/root/.m2/repository/io/vertx/vertx-bridge-common/4.5.7/vertx-bridge-common-4.5.7.jar:/root/.m2/repository/io/smallrye/reactive/smallrye-mutiny-vertx-core/3.12.0/smallrye-mutiny-vertx-core-3.12.0.jar:/root/.m2/repository/io/smallrye/reactive/smallrye-mutiny-vertx-runtime/3.12.0/smallrye-mutiny-vertx-runtime-3.12.0.jar:/root/.m2/repository/io/smallrye/reactive/vertx-mutiny-generator/3.12.0/vertx-mutiny-generator-3.12.0.jar:/root/.m2/repository/io/vertx/vertx-codegen/4.5.7/vertx-codegen-4.5.7.jar:/root/.m2/repository/io/quarkus/resteasy/reactive/resteasy-reactive/3.10.0/resteasy-reactive-3.10.0.jar:/root/.m2/repository/org/jboss/logging/commons-logging-jboss-logging/1.0.0.Final/commons-logging-jboss-logging-1.0.0.Final.jar:/root/.m2/repository/io/quarkus/quarkus-vertx-http/3.10.0/quarkus-vertx-http-3.10.0.jar:/root/.m2/repository/io/quarkus/quarkus-security-runtime-spi/3.10.0/quarkus-security-runtime-spi-3.10.0.jar:/root/.m2/repository/io/quarkus/quarkus-credentials/3.10.0/quarkus-credentials-3.10.0.jar:/root/.m2/repository/io/smallrye/common/smallrye-common-vertx-context/2.3.0/smallrye-common-vertx-context-2.3.0.jar:/root/.m2/repository/io/quarkus/security/quarkus-security/2.0.3.Final/quarkus-security-2.0.3.Final.jar:/root/.m2/repository/io/smallrye/reactive/smallrye-mutiny-vertx-web/3.12.0/smallrye-mutiny-vertx-web-3.12.0.jar:/root/.m2/repository/io/smallrye/reactive/smallrye-mutiny-vertx-web-common/3.12.0/smallrye-mutiny-vertx-web-common-3.12.0.jar:/root/.m2/repository/io/smallrye/reactive/smallrye-mutiny-vertx-auth-common/3.12.0/smallrye-mutiny-vertx-auth-common-3.12.0.jar:/root/.m2/repository/io/smallrye/reactive/smallrye-mutiny-vertx-bridge-common/3.12.0/smallrye-mutiny-vertx-bridge-common-3.12.0.jar:/root/.m2/repository/io/smallrye/reactive/smallrye-mutiny-vertx-uri-template/3.12.0/smallrye-mutiny-vertx-uri-template-3.12.0.jar:/root/.m2/repository/io/vertx/vertx-uri-template/4.5.7/vertx-uri-template-4.5.7.jar:/root/.m2/repository/io/github/crac/org-crac/0.1.3/org-crac-0.1.3.jar:/root/.m2/repository/io/quarkus/quarkus-jsonp/3.10.0/quarkus-jsonp-3.10.0.jar:/root/.m2/repository/org/eclipse/parsson/parsson/1.1.5/parsson-1.1.5.jar:/root/.m2/repository/io/quarkus/quarkus-virtual-threads/3.10.0/quarkus-virtual-threads-3.10.0.jar:/root/.m2/repository/io/vertx/vertx-core/4.5.7/vertx-core-4.5.7.jar:/root/.m2/repository/io/netty/netty-common/4.1.108.Final/netty-common-4.1.108.Final.jar:/root/.m2/repository/io/netty/netty-buffer/4.1.108.Final/netty-buffer-4.1.108.Final.jar:/root/.m2/repository/io/netty/netty-transport/4.1.108.Final/netty-transport-4.1.108.Final.jar:/root/.m2/repository/io/netty/netty-handler/4.1.108.Final/netty-handler-4.1.108.Final.jar:/root/.m2/repository/io/netty/netty-transport-native-unix-common/4.1.108.Final/netty-transport-native-unix-common-4.1.108.Final.jar:/root/.m2/repository/io/netty/netty-handler-proxy/4.1.108.Final/netty-handler-proxy-4.1.108.Final.jar:/root/.m2/repository/io/netty/netty-codec-socks/4.1.108.Final/netty-codec-socks-4.1.108.Final.jar:/root/.m2/repository/io/netty/netty-codec-http/4.1.108.Final/netty-codec-http-4.1.108.Final.jar:/root/.m2/repository/io/netty/netty-codec-http2/4.1.108.Final/netty-codec-http2-4.1.108.Final.jar:/root/.m2/repository/io/netty/netty-resolver/4.1.108.Final/netty-resolver-4.1.108.Final.jar:/root/.m2/repository/io/netty/netty-resolver-dns/4.1.108.Final/netty-resolver-dns-4.1.108.Final.jar:/root/.m2/repository/io/netty/netty-codec-dns/4.1.108.Final/netty-codec-dns-4.1.108.Final.jar:/root/.m2/repository/com/fasterxml/jackson/core/jackson-core/2.17.0/jackson-core-2.17.0.jar:/root/.m2/repository/io/quarkus/quarkus-junit5/3.10.0/quarkus-junit5-3.10.0.jar:/root/.m2/repository/io/quarkus/quarkus-bootstrap-core/3.10.0/quarkus-bootstrap-core-3.10.0.jar:/root/.m2/repository/io/quarkus/quarkus-bootstrap-app-model/3.10.0/quarkus-bootstrap-app-model-3.10.0.jar:/root/.m2/repository/io/smallrye/common/smallrye-common-io/2.3.0/smallrye-common-io-2.3.0.jar:/root/.m2/repository/org/eclipse/sisu/org.eclipse.sisu.inject/0.9.0.M2/org.eclipse.sisu.inject-0.9.0.M2.jar:/root/.m2/repository/io/quarkus/quarkus-test-common/3.10.0/quarkus-test-common-3.10.0.jar:/root/.m2/repository/io/quarkus/quarkus-core-deployment/3.10.0/quarkus-core-deployment-3.10.0.jar:/root/.m2/repository/org/aesh/readline/2.4/readline-2.4.jar:/root/.m2/repository/org/fusesource/jansi/jansi/2.4.0/jansi-2.4.0.jar:/root/.m2/repository/org/aesh/aesh/2.7/aesh-2.7.jar:/root/.m2/repository/io/quarkus/gizmo/gizmo/1.8.0/gizmo-1.8.0.jar:/root/.m2/repository/org/ow2/asm/asm-util/9.7/asm-util-9.7.jar:/root/.m2/repository/org/ow2/asm/asm-analysis/9.7/asm-analysis-9.7.jar:/root/.m2/repository/org/ow2/asm/asm/9.7/asm-9.7.jar:/root/.m2/repository/org/ow2/asm/asm-commons/9.7/asm-commons-9.7.jar:/root/.m2/repository/org/ow2/asm/asm-tree/9.7/asm-tree-9.7.jar:/root/.m2/repository/io/quarkus/quarkus-class-change-agent/3.10.0/quarkus-class-change-agent-3.10.0.jar:/root/.m2/repository/io/quarkus/quarkus-devtools-utilities/3.10.0/quarkus-devtools-utilities-3.10.0.jar:/root/.m2/repository/io/quarkus/quarkus-builder/3.10.0/quarkus-builder-3.10.0.jar:/root/.m2/repository/org/graalvm/sdk/nativeimage/23.1.2/nativeimage-23.1.2.jar:/root/.m2/repository/org/graalvm/sdk/word/23.1.2/word-23.1.2.jar:/root/.m2/repository/org/junit/platform/junit-platform-launcher/1.10.2/junit-platform-launcher-1.10.2.jar:/root/.m2/repository/io/quarkus/quarkus-bootstrap-maven-resolver/3.10.0/quarkus-bootstrap-maven-resolver-3.10.0.jar:/root/.m2/repository/io/smallrye/beanbag/smallrye-beanbag-maven/1.4.1/smallrye-beanbag-maven-1.4.1.jar:/root/.m2/repository/io/smallrye/beanbag/smallrye-beanbag-sisu/1.4.1/smallrye-beanbag-sisu-1.4.1.jar:/root/.m2/repository/io/smallrye/beanbag/smallrye-beanbag/1.4.1/smallrye-beanbag-1.4.1.jar:/root/.m2/repository/javax/inject/javax.inject/1/javax.inject-1.jar:/root/.m2/repository/org/apache/maven/maven-artifact/3.9.6/maven-artifact-3.9.6.jar:/root/.m2/repository/org/apache/maven/maven-builder-support/3.9.6/maven-builder-support-3.9.6.jar:/root/.m2/repository/org/apache/maven/maven-model/3.9.6/maven-model-3.9.6.jar:/root/.m2/repository/org/apache/maven/maven-model-builder/3.9.6/maven-model-builder-3.9.6.jar:/root/.m2/repository/org/apache/maven/maven-repository-metadata/3.9.6/maven-repository-metadata-3.9.6.jar:/root/.m2/repository/org/apache/maven/maven-settings/3.9.6/maven-settings-3.9.6.jar:/root/.m2/repository/org/apache/maven/resolver/maven-resolver-api/1.9.18/maven-resolver-api-1.9.18.jar:/root/.m2/repository/org/apache/maven/resolver/maven-resolver-impl/1.9.18/maven-resolver-impl-1.9.18.jar:/root/.m2/repository/org/apache/maven/resolver/maven-resolver-named-locks/1.9.18/maven-resolver-named-locks-1.9.18.jar:/root/.m2/repository/org/apache/maven/resolver/maven-resolver-spi/1.9.18/maven-resolver-spi-1.9.18.jar:/root/.m2/repository/org/apache/maven/resolver/maven-resolver-util/1.9.18/maven-resolver-util-1.9.18.jar:/root/.m2/repository/org/apache/maven/resolver/maven-resolver-transport-http/1.9.18/maven-resolver-transport-http-1.9.18.jar:/root/.m2/repository/org/apache/maven/wagon/wagon-provider-api/3.5.3/wagon-provider-api-3.5.3.jar:/root/.m2/repository/org/apache/maven/wagon/wagon-http-shared/3.5.3/wagon-http-shared-3.5.3.jar:/root/.m2/repository/org/codehaus/plexus/plexus-interpolation/1.26/plexus-interpolation-1.26.jar:/root/.m2/repository/org/codehaus/plexus/plexus-utils/3.5.1/plexus-utils-3.5.1.jar:/root/.m2/repository/org/codehaus/plexus/plexus-xml/4.0.0/plexus-xml-4.0.0.jar:/root/.m2/repository/org/apache/maven/maven-xml-impl/4.0.0-alpha-5/maven-xml-impl-4.0.0-alpha-5.jar:/root/.m2/repository/org/apache/maven/maven-api-xml/4.0.0-alpha-5/maven-api-xml-4.0.0-alpha-5.jar:/root/.m2/repository/org/apache/maven/maven-api-meta/4.0.0-alpha-5/maven-api-meta-4.0.0-alpha-5.jar:/root/.m2/repository/org/codehaus/plexus/plexus-cipher/2.0/plexus-cipher-2.0.jar:/root/.m2/repository/org/codehaus/plexus/plexus-sec-dispatcher/2.0/plexus-sec-dispatcher-2.0.jar:/root/.m2/repository/org/apache/maven/maven-embedder/3.9.6/maven-embedder-3.9.6.jar:/root/.m2/repository/org/apache/maven/maven-core/3.9.6/maven-core-3.9.6.jar:/root/.m2/repository/org/codehaus/plexus/plexus-component-annotations/2.1.0/plexus-component-annotations-2.1.0.jar:/root/.m2/repository/org/apache/maven/maven-plugin-api/3.9.6/maven-plugin-api-3.9.6.jar:/root/.m2/repository/org/apache/maven/shared/maven-shared-utils/3.3.4/maven-shared-utils-3.3.4.jar:/root/.m2/repository/com/google/inject/guice/5.1.0/guice-5.1.0.jar:/root/.m2/repository/aopalliance/aopalliance/1.0/aopalliance-1.0.jar:/root/.m2/repository/com/google/guava/guava/33.1.0-jre/guava-33.1.0-jre.jar:/root/.m2/repository/com/google/guava/failureaccess/1.0.1/failureaccess-1.0.1.jar:/root/.m2/repository/javax/annotation/javax.annotation-api/1.3.2/javax.annotation-api-1.3.2.jar:/root/.m2/repository/org/codehaus/plexus/plexus-classworlds/2.6.0/plexus-classworlds-2.6.0.jar:/root/.m2/repository/commons-cli/commons-cli/1.5.0/commons-cli-1.5.0.jar:/root/.m2/repository/org/eclipse/sisu/org.eclipse.sisu.plexus/0.9.0.M2/org.eclipse.sisu.plexus-0.9.0.M2.jar:/root/.m2/repository/org/apache/maven/maven-settings-builder/3.9.6/maven-settings-builder-3.9.6.jar:/root/.m2/repository/org/apache/maven/maven-resolver-provider/3.9.6/maven-resolver-provider-3.9.6.jar:/root/.m2/repository/org/apache/maven/resolver/maven-resolver-connector-basic/1.9.18/maven-resolver-connector-basic-1.9.18.jar:/root/.m2/repository/org/apache/maven/resolver/maven-resolver-transport-wagon/1.9.18/maven-resolver-transport-wagon-1.9.18.jar:/root/.m2/repository/org/apache/maven/wagon/wagon-http/3.5.3/wagon-http-3.5.3.jar:/root/.m2/repository/org/apache/maven/wagon/wagon-file/3.5.3/wagon-file-3.5.3.jar:/root/.m2/repository/io/quarkus/quarkus-bootstrap-gradle-resolver/3.10.0/quarkus-bootstrap-gradle-resolver-3.10.0.jar:/root/.m2/repository/io/smallrye/jandex/3.1.7/jandex-3.1.7.jar:/root/.m2/repository/commons-io/commons-io/2.16.0/commons-io-2.16.0.jar:/root/.m2/repository/io/quarkus/quarkus-junit5-properties/3.10.0/quarkus-junit5-properties-3.10.0.jar:/root/.m2/repository/org/junit/jupiter/junit-jupiter/5.10.2/junit-jupiter-5.10.2.jar:/root/.m2/repository/org/junit/jupiter/junit-jupiter-api/5.10.2/junit-jupiter-api-5.10.2.jar:/root/.m2/repository/org/opentest4j/opentest4j/1.3.0/opentest4j-1.3.0.jar:/root/.m2/repository/org/junit/platform/junit-platform-commons/1.10.2/junit-platform-commons-1.10.2.jar:/root/.m2/repository/org/apiguardian/apiguardian-api/1.1.2/apiguardian-api-1.1.2.jar:/root/.m2/repository/org/junit/jupiter/junit-jupiter-params/5.10.2/junit-jupiter-params-5.10.2.jar:/root/.m2/repository/org/junit/jupiter/junit-jupiter-engine/5.10.2/junit-jupiter-engine-5.10.2.jar:/root/.m2/repository/org/junit/platform/junit-platform-engine/1.10.2/junit-platform-engine-1.10.2.jar:/root/.m2/repository/com/thoughtworks/xstream/xstream/1.4.20/xstream-1.4.20.jar:/root/.m2/repository/io/github/x-stream/mxparser/1.2.2/mxparser-1.2.2.jar:/root/.m2/repository/xmlpull/xmlpull/1.1.3.1/xmlpull-1.1.3.1.jar:/root/.m2/repository/io/quarkus/quarkus-jdbc-postgresql/3.10.0/quarkus-jdbc-postgresql-3.10.0.jar:/root/.m2/repository/org/postgresql/postgresql/42.7.3/postgresql-42.7.3.jar:/root/.m2/repository/io/rest-assured/rest-assured/5.4.0/rest-assured-5.4.0.jar:/root/.m2/repository/org/apache/groovy/groovy/4.0.16/groovy-4.0.16.jar:/root/.m2/repository/org/apache/groovy/groovy-xml/4.0.16/groovy-xml-4.0.16.jar:/root/.m2/repository/org/apache/httpcomponents/httpclient/4.5.14/httpclient-4.5.14.jar:/root/.m2/repository/org/apache/httpcomponents/httpcore/4.4.16/httpcore-4.4.16.jar:/root/.m2/repository/commons-codec/commons-codec/1.16.1/commons-codec-1.16.1.jar:/root/.m2/repository/org/apache/httpcomponents/httpmime/4.5.14/httpmime-4.5.14.jar:/root/.m2/repository/org/hamcrest/hamcrest/2.2/hamcrest-2.2.jar:/root/.m2/repository/org/ccil/cowan/tagsoup/tagsoup/1.2.1/tagsoup-1.2.1.jar:/root/.m2/repository/io/rest-assured/json-path/5.4.0/json-path-5.4.0.jar:/root/.m2/repository/org/apache/groovy/groovy-json/4.0.16/groovy-json-4.0.16.jar:/root/.m2/repository/io/rest-assured/rest-assured-common/5.4.0/rest-assured-common-5.4.0.jar:/root/.m2/repository/io/rest-assured/xml-path/5.4.0/xml-path-5.4.0.jar:/root/.m2/repository/org/apache/commons/commons-lang3/3.14.0/commons-lang3-3.14.0.jar:"/>
    <property name="sun.cpu.endian" value="little"/>
    <property name="vertx.disableWebsockets" value="true"/>
    <property name="user.home" value="/root"/>
    <property name="user.language" value="en"/>
    <property name="jboss.log-version" value="false"/>
    <property name="java.specification.vendor" value="Oracle Corporation"/>
    <property name="io.netty.allocator.maxOrder" value="3"/>
    <property name="java.version.date" value="2024-04-16"/>
    <property name="java.home" value="/usr/lib/jvm/jdk-21-oracle-x64"/>
    <property name="file.separator" value="/"/>
    <property name="basedir" value="/home/gateway-de-pagamento-quarkus"/>
    <property name="java.vm.compressedOopsMode" value="32-bit"/>
    <property name="line.separator" value="&#10;"/>
    <property name="java.specification.name" value="Java Platform API Specification"/>
    <property name="java.vm.specification.vendor" value="Oracle Corporation"/>
    <property name="surefire.real.class.path" value="/home/gateway-de-pagamento-quarkus/target/surefire/surefirebooter-20240513195935614_3.jar"/>
    <property name="sun.management.compiler" value="HotSpot 64-Bit Tiered Compilers"/>
    <property name="java.runtime.version" value="21.0.3+7-LTS-152"/>
    <property name="user.name" value="root"/>
    <property name="stdout.encoding" value="UTF-8"/>
    <property name="path.separator" value=":"/>
    <property name="os.version" value="5.15.146.1-microsoft-standard-WSL2"/>
    <property name="java.runtime.name" value="Java(TM) SE Runtime Environment"/>
    <property name="file.encoding" value="UTF-8"/>
    <property name="native" value="true"/>
    <property name="jnidispatch.path" value="/root/.cache/JNA/temp/jna195047113641585721.tmp"/>
    <property name="java.vm.name" value="Java HotSpot(TM) 64-Bit Server VM"/>
    <property name="jna.platform.library.path" value="/usr/lib/x86_64-linux-gnu:/lib/x86_64-linux-gnu:/usr/lib64:/lib64:/usr/lib:/lib:/usr/lib/wsl/lib"/>
    <property name="localRepository" value="/root/.m2/repository"/>
    <property name="jna.loaded" value="true"/>
    <property name="java.vendor.url.bug" value="https://bugreport.java.com/bugreport/"/>
    <property name="java.io.tmpdir" value="/tmp"/>
    <property name="quarkus.log.file.path" value="target/quarkus.log"/>
    <property name="java.version" value="21.0.3"/>
    <property name="java.util.concurrent.ForkJoinPool.common.threadFactory" value="io.quarkus.bootstrap.forkjoin.QuarkusForkJoinWorkerThreadFactory"/>
    <property name="user.dir" value="/home/gateway-de-pagamento-quarkus"/>
    <property name="os.arch" value="amd64"/>
    <property name="java.vm.specification.name" value="Java Virtual Machine Specification"/>
    <property name="vertx.disableDnsResolver" value="true"/>
    <property name="native.encoding" value="UTF-8"/>
    <property name="java.util.logging.manager" value="org.jboss.logmanager.LogManager"/>
    <property name="java.library.path" value="/usr/java/packages/lib:/usr/lib64:/lib64:/lib:/usr/lib"/>
    <property name="stderr.encoding" value="UTF-8"/>
    <property name="java.vm.info" value="mixed mode, sharing"/>
    <property name="java.vendor" value="Oracle Corporation"/>
    <property name="vertx.disableTCCL" value="true"/>
    <property name="java.vm.version" value="21.0.3+7-LTS-152"/>
    <property name="sun.io.unicode.encoding" value="UnicodeLittle"/>
    <property name="io.netty.machineId" value="da:67:91:3f:95:1d:ba:59"/>
    <property name="java.class.version" value="65.0"/>
  </properties>
  <testcase name="testHelloEndpoint" classname="org.acme.GreetingResourceTest" time="0.861">
    <failure message="1 expectation failed.&#10;Expected status code &lt;200&gt; but was &lt;404&gt;.&#10;" type="java.lang.AssertionError"><![CDATA[java.lang.AssertionError: 
1 expectation failed.
Expected status code <200> but was <404>.

	at java.base/jdk.internal.reflect.DirectConstructorHandleAccessor.newInstance(DirectConstructorHandleAccessor.java:62)
	at java.base/java.lang.reflect.Constructor.newInstanceWithCaller(Constructor.java:502)
	at java.base/java.lang.reflect.Constructor.newInstance(Constructor.java:486)
	at org.codehaus.groovy.reflection.CachedConstructor.invoke(CachedConstructor.java:73)
	at org.codehaus.groovy.runtime.callsite.ConstructorSite$ConstructorSiteNoUnwrapNoCoerce.callConstructor(ConstructorSite.java:108)
	at org.codehaus.groovy.runtime.callsite.CallSiteArray.defaultCallConstructor(CallSiteArray.java:57)
	at org.codehaus.groovy.runtime.callsite.AbstractCallSite.callConstructor(AbstractCallSite.java:263)
	at org.codehaus.groovy.runtime.callsite.AbstractCallSite.callConstructor(AbstractCallSite.java:277)
	at io.restassured.internal.ResponseSpecificationImpl$HamcrestAssertionClosure.validate(ResponseSpecificationImpl.groovy:512)
	at io.restassured.internal.ResponseSpecificationImpl$HamcrestAssertionClosure$validate$1.call(Unknown Source)
	at org.codehaus.groovy.runtime.callsite.CallSiteArray.defaultCall(CallSiteArray.java:45)
	at org.codehaus.groovy.runtime.callsite.AbstractCallSite.call(AbstractCallSite.java:125)
	at org.codehaus.groovy.runtime.callsite.AbstractCallSite.call(AbstractCallSite.java:139)
	at io.restassured.internal.ResponseSpecificationImpl.validateResponseIfRequired(ResponseSpecificationImpl.groovy:696)
	at io.restassured.internal.ResponseSpecificationImpl.this$2$validateResponseIfRequired(ResponseSpecificationImpl.groovy)
	at java.base/jdk.internal.reflect.DirectMethodHandleAccessor.invoke(DirectMethodHandleAccessor.java:103)
	at java.base/java.lang.reflect.Method.invoke(Method.java:580)
	at org.codehaus.groovy.runtime.callsite.PlainObjectMetaMethodSite.doInvoke(PlainObjectMetaMethodSite.java:43)
	at org.codehaus.groovy.runtime.callsite.PogoMetaMethodSite$PogoCachedMethodSiteNoUnwrapNoCoerce.invoke(PogoMetaMethodSite.java:198)
	at org.codehaus.groovy.runtime.callsite.PogoMetaMethodSite.callCurrent(PogoMetaMethodSite.java:62)
	at org.codehaus.groovy.runtime.callsite.CallSiteArray.defaultCallCurrent(CallSiteArray.java:49)
	at org.codehaus.groovy.runtime.callsite.AbstractCallSite.callCurrent(AbstractCallSite.java:171)
	at org.codehaus.groovy.runtime.callsite.AbstractCallSite.callCurrent(AbstractCallSite.java:185)
	at io.restassured.internal.ResponseSpecificationImpl.statusCode(ResponseSpecificationImpl.groovy:135)
	at io.restassured.specification.ResponseSpecification$statusCode$0.callCurrent(Unknown Source)
	at org.codehaus.groovy.runtime.callsite.CallSiteArray.defaultCallCurrent(CallSiteArray.java:49)
	at org.codehaus.groovy.runtime.callsite.AbstractCallSite.callCurrent(AbstractCallSite.java:171)
	at org.codehaus.groovy.runtime.callsite.AbstractCallSite.callCurrent(AbstractCallSite.java:185)
	at io.restassured.internal.ResponseSpecificationImpl.statusCode(ResponseSpecificationImpl.groovy:143)
	at io.restassured.internal.ValidatableResponseOptionsImpl.statusCode(ValidatableResponseOptionsImpl.java:89)
	at org.acme.GreetingResourceTest.testHelloEndpoint(GreetingResourceTest.java:16)
	at java.base/java.lang.reflect.Method.invoke(Method.java:580)
	at io.quarkus.test.junit.QuarkusTestExtension.runExtensionMethod(QuarkusTestExtension.java:1018)
	at io.quarkus.test.junit.QuarkusTestExtension.interceptTestMethod(QuarkusTestExtension.java:832)
	at java.base/java.util.ArrayList.forEach(ArrayList.java:1596)
	at java.base/java.util.ArrayList.forEach(ArrayList.java:1596)
]]></failure>
    <system-out><![CDATA[2024-05-13 19:59:39,066 INFO  [org.tes.doc.DockerClientProviderStrategy] (build-31) Found Docker environment with local Unix socket (unix:///var/run/docker.sock)
2024-05-13 19:59:39,071 INFO  [org.tes.DockerClientFactory] (build-31) Docker host IP address is localhost
2024-05-13 19:59:39,100 INFO  [org.tes.DockerClientFactory] (build-31) Connected to docker: 
  Server Version: 26.1.2
  API Version: 1.45
  Operating System: Ubuntu 22.04.3 LTS
  Total Memory: 7808 MB
2024-05-13 19:59:39,112 INFO  [org.tes.ima.PullPolicy] (build-31) Image pull policy will be performed by: DefaultPullPolicy()
2024-05-13 19:59:39,113 INFO  [org.tes.uti.ImageNameSubstitutor] (build-31) Image name substitution will be performed by: DefaultImageNameSubstitutor (composite of 'ConfigurationFileImageNameSubstitutor' and 'PrefixingImageNameSubstitutor')
2024-05-13 19:59:39,118 INFO  [org.tes.DockerClientFactory] (build-31) Checking the system...
2024-05-13 19:59:39,119 INFO  [org.tes.DockerClientFactory] (build-31) ✔︎ Docker server version should be at least 1.6.0
2024-05-13 19:59:39,153 INFO  [tc.doc.io/postgres:14] (build-31) Pulling docker image: docker.io/postgres:14. Please be patient; this may take some time but only needs to be done once.
2024-05-13 19:59:39,160 INFO  [org.tes.uti.RegistryAuthLocator] (build-31) Failure when attempting to lookup auth config. Please ignore if you don't have images in an authenticated registry. Details: (dockerImageName: docker.io/postgres:latest, configFile: /root/.docker/config.json, configEnv: DOCKER_AUTH_CONFIG). Falling back to docker-java default behaviour. Exception message: Status 404: No config supplied. Checked in order: /root/.docker/config.json (file not found), DOCKER_AUTH_CONFIG (not set)
2024-05-13 19:59:50,113 INFO  [tc.doc.io/postgres:14] (docker-java-stream--933788147) Starting to pull image
2024-05-13 19:59:50,138 INFO  [tc.doc.io/postgres:14] (docker-java-stream--933788147) Pulling image layers:  0 pending,  0 downloaded,  0 extracted, (0 bytes/0 bytes)
2024-05-13 20:00:03,259 INFO  [tc.doc.io/postgres:14] (docker-java-stream--933788147) Pulling image layers: 13 pending,  1 downloaded,  0 extracted, (1 KB/? MB)
2024-05-13 20:00:05,033 INFO  [tc.doc.io/postgres:14] (docker-java-stream--933788147) Pulling image layers: 12 pending,  2 downloaded,  0 extracted, (26 MB/? MB)
2024-05-13 20:00:06,130 INFO  [tc.doc.io/postgres:14] (docker-java-stream--933788147) Pulling image layers: 12 pending,  2 downloaded,  1 extracted, (27 MB/? MB)
2024-05-13 20:00:06,172 INFO  [tc.doc.io/postgres:14] (docker-java-stream--933788147) Pulling image layers: 12 pending,  2 downloaded,  2 extracted, (27 MB/? MB)
2024-05-13 20:00:07,360 INFO  [tc.doc.io/postgres:14] (docker-java-stream--933788147) Pulling image layers: 11 pending,  3 downloaded,  2 extracted, (31 MB/? MB)
2024-05-13 20:00:07,476 INFO  [tc.doc.io/postgres:14] (docker-java-stream--933788147) Pulling image layers: 11 pending,  3 downloaded,  3 extracted, (32 MB/? MB)
2024-05-13 20:00:08,077 INFO  [tc.doc.io/postgres:14] (docker-java-stream--933788147) Pulling image layers: 10 pending,  4 downloaded,  3 extracted, (33 MB/? MB)
2024-05-13 20:00:08,647 INFO  [tc.doc.io/postgres:14] (docker-java-stream--933788147) Pulling image layers:  9 pending,  5 downloaded,  3 extracted, (33 MB/? MB)
2024-05-13 20:00:12,592 INFO  [tc.doc.io/postgres:14] (docker-java-stream--933788147) Pulling image layers:  8 pending,  6 downloaded,  3 extracted, (46 MB/? MB)
2024-05-13 20:00:15,228 INFO  [tc.doc.io/postgres:14] (docker-java-stream--933788147) Pulling image layers:  7 pending,  7 downloaded,  3 extracted, (46 MB/? MB)
2024-05-13 20:00:15,820 INFO  [tc.doc.io/postgres:14] (docker-java-stream--933788147) Pulling image layers:  6 pending,  8 downloaded,  3 extracted, (46 MB/? MB)
2024-05-13 20:00:17,937 INFO  [tc.doc.io/postgres:14] (docker-java-stream--933788147) Pulling image layers:  5 pending,  9 downloaded,  3 extracted, (47 MB/? MB)
2024-05-13 20:00:17,985 INFO  [tc.doc.io/postgres:14] (docker-java-stream--933788147) Pulling image layers:  5 pending,  9 downloaded,  4 extracted, (47 MB/? MB)
2024-05-13 20:00:18,375 INFO  [tc.doc.io/postgres:14] (docker-java-stream--933788147) Pulling image layers:  5 pending,  9 downloaded,  5 extracted, (47 MB/? MB)
2024-05-13 20:00:18,441 INFO  [tc.doc.io/postgres:14] (docker-java-stream--933788147) Pulling image layers:  5 pending,  9 downloaded,  6 extracted, (47 MB/? MB)
2024-05-13 20:00:18,465 INFO  [tc.doc.io/postgres:14] (docker-java-stream--933788147) Pulling image layers:  5 pending,  9 downloaded,  7 extracted, (47 MB/? MB)
2024-05-13 20:00:18,492 INFO  [tc.doc.io/postgres:14] (docker-java-stream--933788147) Pulling image layers:  5 pending,  9 downloaded,  8 extracted, (47 MB/? MB)
2024-05-13 20:00:19,562 INFO  [tc.doc.io/postgres:14] (docker-java-stream--933788147) Pulling image layers:  4 pending, 10 downloaded,  8 extracted, (50 MB/? MB)
2024-05-13 20:00:22,431 INFO  [tc.doc.io/postgres:14] (docker-java-stream--933788147) Pulling image layers:  3 pending, 11 downloaded,  8 extracted, (97 MB/? MB)
2024-05-13 20:00:24,916 INFO  [tc.doc.io/postgres:14] (docker-java-stream--933788147) Pulling image layers:  2 pending, 12 downloaded,  8 extracted, (146 MB/? MB)
2024-05-13 20:00:26,146 INFO  [tc.doc.io/postgres:14] (docker-java-stream--933788147) Pulling image layers:  1 pending, 13 downloaded,  8 extracted, (146 MB/? MB)
2024-05-13 20:00:27,139 INFO  [tc.doc.io/postgres:14] (docker-java-stream--933788147) Pulling image layers:  1 pending, 13 downloaded,  9 extracted, (148 MB/? MB)
2024-05-13 20:00:27,166 INFO  [tc.doc.io/postgres:14] (docker-java-stream--933788147) Pulling image layers:  1 pending, 13 downloaded, 10 extracted, (148 MB/? MB)
2024-05-13 20:00:27,191 INFO  [tc.doc.io/postgres:14] (docker-java-stream--933788147) Pulling image layers:  1 pending, 13 downloaded, 11 extracted, (148 MB/? MB)
2024-05-13 20:00:27,216 INFO  [tc.doc.io/postgres:14] (docker-java-stream--933788147) Pulling image layers:  1 pending, 13 downloaded, 12 extracted, (148 MB/? MB)
2024-05-13 20:00:27,243 INFO  [tc.doc.io/postgres:14] (docker-java-stream--933788147) Pulling image layers:  1 pending, 13 downloaded, 13 extracted, (148 MB/? MB)
2024-05-13 20:00:28,980 INFO  [tc.doc.io/postgres:14] (docker-java-stream--933788147) Pulling image layers:  0 pending, 14 downloaded, 13 extracted, (148 MB/148 MB)
2024-05-13 20:00:29,007 INFO  [tc.doc.io/postgres:14] (docker-java-stream--933788147) Pulling image layers:  0 pending, 14 downloaded, 14 extracted, (148 MB/148 MB)
2024-05-13 20:00:29,030 INFO  [tc.doc.io/postgres:14] (docker-java-stream--933788147) Pull complete. 14 layers, pulled in 38s (downloaded 148 MB at 3 MB/s)
2024-05-13 20:00:29,030 INFO  [tc.doc.io/postgres:14] (build-31) Image docker.io/postgres:14 pull took PT49.876567327S
2024-05-13 20:00:29,050 INFO  [tc.doc.io/postgres:14] (build-31) Creating container for image: docker.io/postgres:14
2024-05-13 20:00:29,063 WARN  [tc.doc.io/postgres:14] (build-31) Reuse was requested but the environment does not support the reuse of containers
To enable reuse of containers, you must set 'testcontainers.reuse.enable=true' in a file located at /root/.testcontainers.properties
2024-05-13 20:00:29,066 INFO  [tc.tes.6.0] (build-31) Pulling docker image: testcontainers/ryuk:0.6.0. Please be patient; this may take some time but only needs to be done once.
2024-05-13 20:00:29,066 INFO  [org.tes.uti.RegistryAuthLocator] (build-31) Failure when attempting to lookup auth config. Please ignore if you don't have images in an authenticated registry. Details: (dockerImageName: testcontainers/ryuk:latest, configFile: /root/.docker/config.json, configEnv: DOCKER_AUTH_CONFIG). Falling back to docker-java default behaviour. Exception message: Status 404: No config supplied. Checked in order: /root/.docker/config.json (file not found), DOCKER_AUTH_CONFIG (not set)
2024-05-13 20:00:48,944 INFO  [tc.tes.6.0] (docker-java-stream--623331358) Starting to pull image
2024-05-13 20:00:48,945 INFO  [tc.tes.6.0] (docker-java-stream--623331358) Pulling image layers:  0 pending,  0 downloaded,  0 extracted, (0 bytes/0 bytes)
2024-05-13 20:00:56,319 INFO  [tc.tes.6.0] (docker-java-stream--623331358) Pulling image layers:  2 pending,  1 downloaded,  0 extracted, (3 MB/? MB)
2024-05-13 20:00:56,324 INFO  [tc.tes.6.0] (docker-java-stream--623331358) Pulling image layers:  1 pending,  2 downloaded,  0 extracted, (5 MB/? MB)
2024-05-13 20:00:56,435 INFO  [tc.tes.6.0] (docker-java-stream--623331358) Pulling image layers:  1 pending,  2 downloaded,  1 extracted, (5 MB/? MB)
2024-05-13 20:00:56,469 INFO  [tc.tes.6.0] (docker-java-stream--623331358) Pulling image layers:  0 pending,  3 downloaded,  1 extracted, (5 MB/6 MB)
2024-05-13 20:00:56,556 INFO  [tc.tes.6.0] (docker-java-stream--623331358) Pulling image layers:  0 pending,  3 downloaded,  2 extracted, (5 MB/6 MB)
2024-05-13 20:00:56,609 INFO  [tc.tes.6.0] (docker-java-stream--623331358) Pulling image layers:  0 pending,  3 downloaded,  3 extracted, (6 MB/6 MB)
2024-05-13 20:00:56,631 INFO  [tc.tes.6.0] (docker-java-stream--623331358) Pull complete. 3 layers, pulled in 7s (downloaded 6 MB at 927 KB/s)
2024-05-13 20:00:56,631 INFO  [tc.tes.6.0] (build-31) Image testcontainers/ryuk:0.6.0 pull took PT27.565486302S
2024-05-13 20:00:56,634 INFO  [tc.tes.6.0] (build-31) Creating container for image: testcontainers/ryuk:0.6.0
2024-05-13 20:00:56,720 INFO  [tc.tes.6.0] (build-31) Container testcontainers/ryuk:0.6.0 is starting: b433105ce0a60c50e19ede44d931fc34b19181bda47da3fe9c0aaf275ab8c3c9
2024-05-13 20:00:57,088 INFO  [tc.tes.6.0] (build-31) Container testcontainers/ryuk:0.6.0 started in PT0.454041895S
2024-05-13 20:00:57,131 INFO  [tc.doc.io/postgres:14] (build-31) Container docker.io/postgres:14 is starting: a2152ee20cff4ec7ab866f8fa30a2e12bfb5e7e05aa741886d59bc61b5b3398a
2024-05-13 20:00:58,411 INFO  [tc.doc.io/postgres:14] (build-31) Container docker.io/postgres:14 started in PT29.360830725S
2024-05-13 20:00:58,412 INFO  [tc.doc.io/postgres:14] (build-31) Container is started (JDBC URL: jdbc:postgresql://localhost:32769/quarkus?loggerLevel=OFF)
2024-05-13 20:00:58,412 INFO  [io.qua.dev.pos.dep.PostgresqlDevServicesProcessor] (build-31) Dev Services for PostgreSQL started.
2024-05-13 20:00:58,413 INFO  [io.qua.dat.dep.dev.DevServicesDatasourceProcessor] (build-31) Dev Services for default datasource (postgresql) started - container ID is a2152ee20cff
2024-05-13 20:00:59,821 WARN  [org.hib.eng.jdb.spi.SqlExceptionHelper] (JPA Startup Thread) SQL Warning Code: 0, SQLState: 00000
2024-05-13 20:00:59,821 WARN  [org.hib.eng.jdb.spi.SqlExceptionHelper] (JPA Startup Thread) table "payments" does not exist, skipping
2024-05-13 20:00:59,911 INFO  [io.quarkus] (main) code-with-quarkus 1.0.0-SNAPSHOT on JVM (powered by Quarkus 3.10.0) started in 82.545s. Listening on: http://0.0.0.0:8081
2024-05-13 20:00:59,913 INFO  [io.quarkus] (main) Profile test activated. 
2024-05-13 20:00:59,913 INFO  [io.quarkus] (main) Installed features: [agroal, cdi, hibernate-orm, hibernate-orm-panache, hibernate-validator, jdbc-postgresql, narayana-jta, rest, rest-jackson, rest-jaxb, smallrye-context-propagation, vertx]
]]></system-out>
  </testcase>
</testsuite>